<?xml version="1.0" encoding="UTF-8" standalone="no"?>
<testsuite errors="0" failures="0" name="io.cucumber.core.plugin.JUnitFormatter" skipped="0" tests="9" time="24.185">
<testcase classname="Test payment functionality" name="Verify home page" time="6.535">
<system-out><![CDATA[Given The user wants to see payment gateway website.........................passed
When The user wants to verify that it is "Mother Elephant With Babies Soft Toy" page.passed
]]></system-out>
</testcase>
<testcase classname="Test payment functionality" name="Verify toy price" time="0.352">
<system-out><![CDATA[Given The user wants to see payment gateway website.........................passed
Then The user wants to verify that the toy price is "Price: $20"............passed
]]></system-out>
</testcase>
<testcase classname="Test payment functionality" name="Verify the url title" time="0.384">
<system-out><![CDATA[Given The user wants to see payment gateway website.........................passed
Then The user wants to verify URL contains "payment-gateway"................passed
]]></system-out>
</testcase>
<testcase classname="Test payment functionality" name="Customer wants to order 5 toys" time="4.207">
<system-out><![CDATA[Given The user wants to see payment gateway website.........................passed
And The user want to buy "5" quantities of toy..............................passed
Then The user wants to click on Buy Now button..............................passed
And The user fill out the information.......................................passed
Then The user wants to pay now..............................................passed
And The user wants to verify message as "Payment successfull!"..............passed
]]></system-out>
</testcase>
<testcase classname="Test payment functionality" name="Customer wants to order different quantities of toy" time="3.079">
<system-out><![CDATA[Given The user wants to see payment gateway website.........................passed
And The user want to buy toy as "5".........................................passed
Then The user wants to click on Buy Now button..............................passed
And The user fill out the information.......................................passed
Then The user wants to pay now..............................................passed
And The user wants to verify message as "Payment successfull!"..............passed
]]></system-out>
</testcase>
<testcase classname="Test payment functionality" name="Customer wants to order different quantities of toy 2" time="2.336">
<system-out><![CDATA[Given The user wants to see payment gateway website.........................passed
And The user want to buy toy as "8".........................................passed
Then The user wants to click on Buy Now button..............................passed
And The user fill out the information.......................................passed
Then The user wants to pay now..............................................passed
And The user wants to verify message as "Payment successfull!"..............passed
]]></system-out>
</testcase>
<testcase classname="Test payment functionality" name="Customer wants to order different quantities of toy 3" time="2.387">
<system-out><![CDATA[Given The user wants to see payment gateway website.........................passed
And The user want to buy toy as "9".........................................passed
Then The user wants to click on Buy Now button..............................passed
And The user fill out the information.......................................passed
Then The user wants to pay now..............................................passed
And The user wants to verify message as "Payment successfull!"..............passed
]]></system-out>
</testcase>
<testcase classname="Test payment functionality" name="Customer wants to order different quantities of toy 4" time="2.377">
<system-out><![CDATA[Given The user wants to see payment gateway website.........................passed
And The user want to buy toy as "2".........................................passed
Then The user wants to click on Buy Now button..............................passed
And The user fill out the information.......................................passed
Then The user wants to pay now..............................................passed
And The user wants to verify message as "Payment successfull!"..............passed
]]></system-out>
</testcase>
<testcase classname="Test payment functionality" name="Customer wants to order different quantities of toy 5" time="2.264">
<system-out><![CDATA[Given The user wants to see payment gateway website.........................passed
And The user want to buy toy as "4".........................................passed
Then The user wants to click on Buy Now button..............................passed
And The user fill out the information.......................................passed
Then The user wants to pay now..............................................passed
And The user wants to verify message as "Payment successfull!"..............passed
]]></system-out>
</testcase>
</testsuite>
